
**** Build of configuration Debug for project lab3 ****

"C:\\ti\\ccsv7\\utils\\bin\\gmake" -k -j 6 all -O 
'Building file: ../main.c'
'Invoking: ARM Compiler'
"C:/ti/ccsv7/tools/compiler/ti-cgt-arm_16.9.8.LTS/bin/armcl" -mv7M4 --code_state=16 --float_support=FPv4SPD16 -me --include_path="C:/Users/trace/OneDrive/Documents/Fall_2018/CpE_403/TIVAC_LABs/TIVAC_LABs/lab3/lab3" --include_path="C:/ti/ccsv7/tools/compiler/ti-cgt-arm_16.9.8.LTS/include" --define=ccs="ccs" --define=PART_TM4C123GE6PM -g --gcc --diag_warning=225 --diag_wrap=off --display_error_number --abi=eabi --preproc_with_compile --preproc_dependency="main.d"  "../main.c"

>> Compilation failure
subdir_rules.mk:9: recipe for target 'main.obj' failed
"../main.c", line 4: fatal error #1965: cannot open source file "inc/hw_types.h"
1 catastrophic error detected in the compilation of "../main.c".
Compilation terminated.
gmake: *** [main.obj] Error 1
gmake: Target 'all' not remade because of errors.

**** Build Finished ****

**** Build of configuration Debug for project lab3 ****

"C:\\ti\\ccsv7\\utils\\bin\\gmake" -k -j 6 all -O 
'Building file: ../main.c'
'Invoking: ARM Compiler'
"C:/ti/ccsv7/tools/compiler/ti-cgt-arm_16.9.8.LTS/bin/armcl" -mv7M4 --code_state=16 --float_support=FPv4SPD16 -me --include_path="C:/Users/trace/OneDrive/Documents/Fall_2018/CpE_403/TIVAC_LABs/TIVAC_LABs/lab3/lab3" --include_path="C:/ti/ccsv7/tools/compiler/ti-cgt-arm_16.9.8.LTS/include" --define=ccs="ccs" --define=PART_TM4C123GE6PM -g --gcc --diag_warning=225 --diag_wrap=off --display_error_number --abi=eabi --preproc_with_compile --preproc_dependency="main.d"  "../main.c"

>> Compilation failure
subdir_rules.mk:9: recipe for target 'main.obj' failed
"../main.c", line 3: fatal error #1965: cannot open source file "inc/hw_memmap.h"
1 catastrophic error detected in the compilation of "../main.c".
Compilation terminated.
gmake: *** [main.obj] Error 1
'Building file: ../tm4c123ge6pm_startup_ccs.c'
'Invoking: ARM Compiler'
"C:/ti/ccsv7/tools/compiler/ti-cgt-arm_16.9.8.LTS/bin/armcl" -mv7M4 --code_state=16 --float_support=FPv4SPD16 -me --include_path="C:/Users/trace/OneDrive/Documents/Fall_2018/CpE_403/TIVAC_LABs/TIVAC_LABs/lab3/lab3" --include_path="C:/ti/ccsv7/tools/compiler/ti-cgt-arm_16.9.8.LTS/include" --define=ccs="ccs" --define=PART_TM4C123GE6PM -g --gcc --diag_warning=225 --diag_wrap=off --display_error_number --abi=eabi --preproc_with_compile --preproc_dependency="tm4c123ge6pm_startup_ccs.d"  "../tm4c123ge6pm_startup_ccs.c"
'Finished building: ../tm4c123ge6pm_startup_ccs.c'
' '
'Building file: ../tm4c123gh6pm_startup_ccs.c'
'Invoking: ARM Compiler'
"C:/ti/ccsv7/tools/compiler/ti-cgt-arm_16.9.8.LTS/bin/armcl" -mv7M4 --code_state=16 --float_support=FPv4SPD16 -me --include_path="C:/Users/trace/OneDrive/Documents/Fall_2018/CpE_403/TIVAC_LABs/TIVAC_LABs/lab3/lab3" --include_path="C:/ti/ccsv7/tools/compiler/ti-cgt-arm_16.9.8.LTS/include" --define=ccs="ccs" --define=PART_TM4C123GE6PM -g --gcc --diag_warning=225 --diag_wrap=off --display_error_number --abi=eabi --preproc_with_compile --preproc_dependency="tm4c123gh6pm_startup_ccs.d"  "../tm4c123gh6pm_startup_ccs.c"
'Finished building: ../tm4c123gh6pm_startup_ccs.c'
' '
gmake: Target 'all' not remade because of errors.

**** Build Finished ****

**** Build of configuration Debug for project lab3 ****

"C:\\ti\\ccsv7\\utils\\bin\\gmake" -k -j 6 all -O 
'Building file: ../main.c'
'Invoking: ARM Compiler'
"C:/ti/ccsv7/tools/compiler/ti-cgt-arm_16.9.8.LTS/bin/armcl" -mv7M4 --code_state=16 --float_support=FPv4SPD16 -me --include_path="C:/Users/trace/OneDrive/Documents/Fall_2018/CpE_403/TIVAC_LABs/TIVAC_LABs/lab3/lab3" --include_path="C:/ti/ccsv7/tools/compiler/ti-cgt-arm_16.9.8.LTS/include" --define=ccs="ccs" --define=PART_TM4C123GE6PM -g --gcc --diag_warning=225 --diag_wrap=off --display_error_number --abi=eabi --preproc_with_compile --preproc_dependency="main.d"  "../main.c"

>> Compilation failure
subdir_rules.mk:9: recipe for target 'main.obj' failed
"../main.c", line 5: fatal error #1965: cannot open source file "driverlib/sysctl.h"
1 catastrophic error detected in the compilation of "../main.c".
Compilation terminated.
gmake: *** [main.obj] Error 1
gmake: Target 'all' not remade because of errors.

**** Build Finished ****

**** Build of configuration Debug for project lab3 ****

"C:\\ti\\ccsv7\\utils\\bin\\gmake" -k -j 6 all -O 
'Building file: ../main.c'
'Invoking: ARM Compiler'
"C:/ti/ccsv7/tools/compiler/ti-cgt-arm_16.9.8.LTS/bin/armcl" -mv7M4 --code_state=16 --float_support=FPv4SPD16 -me --include_path="C:/Users/trace/OneDrive/Documents/Fall_2018/CpE_403/TIVAC_LABs/TIVAC_LABs/lab3/lab3" --include_path="C:/ti/ccsv7/tools/compiler/ti-cgt-arm_16.9.8.LTS/include" --define=ccs="ccs" --define=PART_TM4C123GE6PM -g --gcc --diag_warning=225 --diag_wrap=off --display_error_number --abi=eabi --preproc_with_compile --preproc_dependency="main.d"  "../main.c"

>> Compilation failure
subdir_rules.mk:9: recipe for target 'main.obj' failed
"../main.c", line 5: fatal error #1965: cannot open source file "driverlib.lib/sysctl.h"
1 catastrophic error detected in the compilation of "../main.c".
Compilation terminated.
gmake: *** [main.obj] Error 1
gmake: Target 'all' not remade because of errors.

**** Build Finished ****

**** Build of configuration Debug for project lab3 ****

"C:\\ti\\ccsv7\\utils\\bin\\gmake" -k -j 6 all -O 
'Building file: ../main.c'
'Invoking: ARM Compiler'
"C:/ti/ccsv7/tools/compiler/ti-cgt-arm_16.9.8.LTS/bin/armcl" -mv7M4 --code_state=16 --float_support=FPv4SPD16 -me --include_path="C:/Users/trace/OneDrive/Documents/Fall_2018/CpE_403/TIVAC_LABs/TIVAC_LABs/lab3/lab3" --include_path="C:/ti/ccsv7/tools/compiler/ti-cgt-arm_16.9.8.LTS/include" --define=ccs="ccs" --define=PART_TM4C123GE6PM -g --gcc --diag_warning=225 --diag_wrap=off --display_error_number --abi=eabi --preproc_with_compile --preproc_dependency="main.d"  "../main.c"

>> Compilation failure
subdir_rules.mk:9: recipe for target 'main.obj' failed
"../main.c", line 5: fatal error #1965: cannot open source file "driverlib/sysctl.h"
1 catastrophic error detected in the compilation of "../main.c".
Compilation terminated.
gmake: *** [main.obj] Error 1
gmake: Target 'all' not remade because of errors.

**** Build Finished ****

**** Build of configuration Debug for project lab3 ****

"C:\\ti\\ccsv7\\utils\\bin\\gmake" -k -j 6 all -O 
'Building file: ../main.c'
'Invoking: ARM Compiler'
"C:/ti/ccsv7/tools/compiler/ti-cgt-arm_16.9.8.LTS/bin/armcl" -mv7M4 --code_state=16 --float_support=FPv4SPD16 -me --include_path="C:/Users/trace/OneDrive/Documents/Fall_2018/CpE_403/TIVAC_LABs/TIVAC_LABs/lab3/lab3" --include_path="C:/ti/ccsv7/tools/compiler/ti-cgt-arm_16.9.8.LTS/include" --define=ccs="ccs" --define=PART_TM4C123GE6PM -g --gcc --diag_warning=225 --diag_wrap=off --display_error_number --abi=eabi --preproc_with_compile --preproc_dependency="main.d"  "../main.c"

>> Compilation failure
subdir_rules.mk:9: recipe for target 'main.obj' failed
"../main.c", line 3: fatal error #1965: cannot open source file "inc/hw_memmap.h"
1 catastrophic error detected in the compilation of "../main.c".
Compilation terminated.
gmake: *** [main.obj] Error 1
'Building file: ../startup_ccs.c'
'Invoking: ARM Compiler'
"C:/ti/ccsv7/tools/compiler/ti-cgt-arm_16.9.8.LTS/bin/armcl" -mv7M4 --code_state=16 --float_support=FPv4SPD16 -me --include_path="C:/Users/trace/OneDrive/Documents/Fall_2018/CpE_403/TIVAC_LABs/TIVAC_LABs/lab3/lab3" --include_path="C:/ti/ccsv7/tools/compiler/ti-cgt-arm_16.9.8.LTS/include" --define=ccs="ccs" --define=PART_TM4C123GE6PM -g --gcc --diag_warning=225 --diag_wrap=off --display_error_number --abi=eabi --preproc_with_compile --preproc_dependency="startup_ccs.d"  "../startup_ccs.c"

>> Compilation failure
subdir_rules.mk:16: recipe for target 'startup_ccs.obj' failed
"../startup_ccs.c", line 26: fatal error #1965: cannot open source file "inc/hw_nvic.h"
1 catastrophic error detected in the compilation of "../startup_ccs.c".
Compilation terminated.
gmake: *** [startup_ccs.obj] Error 1
gmake: Target 'all' not remade because of errors.

**** Build Finished ****

**** Clean-only build of configuration Debug for project lab2 ****

"C:\\ti\\ccsv7\\utils\\bin\\gmake" -k -j 6 clean -O 
DEL /F  "lab2.bin"  "lab2.out" 
DEL /F "main.obj" "tm4c123gh6pm_startup_ccs.obj" 
DEL /F "main.d" "tm4c123gh6pm_startup_ccs.d" 
'Finished clean'
' '

**** Build Finished ****

**** Build of configuration Debug for project lab2 ****

"C:\\ti\\ccsv7\\utils\\bin\\gmake" -k -j 6 all -O 
'Building file: ../main.c'
'Invoking: ARM Compiler'
"C:/ti/ccsv7/tools/compiler/ti-cgt-arm_16.9.8.LTS/bin/armcl" -mv7M4 --code_state=16 --float_support=FPv4SPD16 -me --include_path="C:/Users/trace/OneDrive/Documents/GitHub/epc904laff8102vlnu/epc304llaf8102vlnu/lab3/project" --include_path="C:/ti/TivaWare_C_Series-2.1.4.178" --include_path="C:/ti/ccsv7/tools/compiler/ti-cgt-arm_16.9.8.LTS/include" --define=ccs="ccs" --define=PART_TM4C123GH6PM -g --gcc --diag_warning=225 --diag_wrap=off --display_error_number --abi=eabi --preproc_with_compile --preproc_dependency="main.d"  "../main.c"

>> Compilation failure
subdir_rules.mk:9: recipe for target 'main.obj' failed
"../main.c", line 11: warning #225-D: function "GPIOPinTypeGPIOOutput" declared implicitly
"../main.c", line 11: error #20: identifier "GPIO_PIN_1" is undefined
"../main.c", line 11: error #20: identifier "GPIO_PIN_2" is undefined
"../main.c", line 11: error #20: identifier "GPIO_PIN_3" is undefined
"../main.c", line 15: warning #225-D: function "GPIOPinWrite" declared implicitly
3 errors detected in the compilation of "../main.c".
gmake: *** [main.obj] Error 1
'Building file: ../tm4c123gh6pm_startup_ccs.c'
'Invoking: ARM Compiler'
"C:/ti/ccsv7/tools/compiler/ti-cgt-arm_16.9.8.LTS/bin/armcl" -mv7M4 --code_state=16 --float_support=FPv4SPD16 -me --include_path="C:/Users/trace/OneDrive/Documents/GitHub/epc904laff8102vlnu/epc304llaf8102vlnu/lab3/project" --include_path="C:/ti/TivaWare_C_Series-2.1.4.178" --include_path="C:/ti/ccsv7/tools/compiler/ti-cgt-arm_16.9.8.LTS/include" --define=ccs="ccs" --define=PART_TM4C123GH6PM -g --gcc --diag_warning=225 --diag_wrap=off --display_error_number --abi=eabi --preproc_with_compile --preproc_dependency="tm4c123gh6pm_startup_ccs.d"  "../tm4c123gh6pm_startup_ccs.c"
'Finished building: ../tm4c123gh6pm_startup_ccs.c'
' '
gmake: Target 'all' not remade because of errors.

**** Build Finished ****

**** Build of configuration Debug for project lab3 ****

"C:\\ti\\ccsv7\\utils\\bin\\gmake" -k -j 6 all -O 
'Building file: ../main.c'
'Invoking: ARM Compiler'
"C:/ti/ccsv7/tools/compiler/ti-cgt-arm_16.9.8.LTS/bin/armcl" -mv7M4 --code_state=16 --float_support=FPv4SPD16 -me --include_path="C:/Users/trace/OneDrive/Documents/Fall_2018/CpE_403/TIVAC_LABs/TIVAC_LABs/lab3/lab3" --include_path="C:/ti/ccsv7/tools/compiler/ti-cgt-arm_16.9.8.LTS/include" --define=ccs="ccs" --define=PART_TM4C123GE6PM -g --gcc --diag_warning=225 --diag_wrap=off --display_error_number --abi=eabi --preproc_with_compile --preproc_dependency="main.d"  "../main.c"

>> Compilation failure
subdir_rules.mk:9: recipe for target 'main.obj' failed
"../main.c", line 3: fatal error #1965: cannot open source file "inc/hw_memmap.h"
1 catastrophic error detected in the compilation of "../main.c".
Compilation terminated.
gmake: *** [main.obj] Error 1
'Building file: ../startup_ccs.c'
'Invoking: ARM Compiler'
"C:/ti/ccsv7/tools/compiler/ti-cgt-arm_16.9.8.LTS/bin/armcl" -mv7M4 --code_state=16 --float_support=FPv4SPD16 -me --include_path="C:/Users/trace/OneDrive/Documents/Fall_2018/CpE_403/TIVAC_LABs/TIVAC_LABs/lab3/lab3" --include_path="C:/ti/ccsv7/tools/compiler/ti-cgt-arm_16.9.8.LTS/include" --define=ccs="ccs" --define=PART_TM4C123GE6PM -g --gcc --diag_warning=225 --diag_wrap=off --display_error_number --abi=eabi --preproc_with_compile --preproc_dependency="startup_ccs.d"  "../startup_ccs.c"

>> Compilation failure
subdir_rules.mk:16: recipe for target 'startup_ccs.obj' failed
"../startup_ccs.c", line 26: fatal error #1965: cannot open source file "inc/hw_nvic.h"
1 catastrophic error detected in the compilation of "../startup_ccs.c".
Compilation terminated.
gmake: *** [startup_ccs.obj] Error 1
gmake: Target 'all' not remade because of errors.

**** Build Finished ****
