
**** Build of configuration Debug for project lab4 ****

"C:\\ti\\ccsv7\\utils\\bin\\gmake" -k all 
'Building file: ../Lab04_Task1.c'
'Invoking: ARM Compiler'
"C:/ti/ccsv7/tools/compiler/ti-cgt-arm_16.9.3.LTS/bin/armcl" -mv7M4 --code_state=16 --float_support=FPv4SPD16 --abi=eabi -me --include_path="C:/ti/ccsv7/tools/compiler/ti-cgt-arm_16.9.3.LTS/include" --include_path="C:/ti/TivaWare_C_Series-2.1.4.178" -g --define=PART_TM4C123GH6PM --display_error_number --diag_warning=225 --diag_wrap=off --preproc_with_compile --preproc_dependency="Lab04_Task1.d"  "../Lab04_Task1.c"

>> Compilation failure
subdir_rules.mk:9: recipe for target 'Lab04_Task1.obj' failed
"../Lab04_Task1.c", line 3: fatal error #1965: cannot open source file "inc/tm4c123gh6pm.h"
1 catastrophic error detected in the compilation of "../Lab04_Task1.c".
Compilation terminated.
gmake: *** [Lab04_Task1.obj] Error 1
'Building file: ../tm4c123gh6pm_startup_ccs.c'
'Invoking: ARM Compiler'
"C:/ti/ccsv7/tools/compiler/ti-cgt-arm_16.9.3.LTS/bin/armcl" -mv7M4 --code_state=16 --float_support=FPv4SPD16 --abi=eabi -me --include_path="C:/ti/ccsv7/tools/compiler/ti-cgt-arm_16.9.3.LTS/include" --include_path="C:/ti/TivaWare_C_Series-2.1.4.178" -g --define=PART_TM4C123GH6PM --display_error_number --diag_warning=225 --diag_wrap=off --preproc_with_compile --preproc_dependency="tm4c123gh6pm_startup_ccs.d"  "../tm4c123gh6pm_startup_ccs.c"
'Finished building: ../tm4c123gh6pm_startup_ccs.c'
' '
gmake: *** No rule to make target 'C:/ti/TivaWare_C_Series-2.1.4.178/driverlib/ccs/Debug/driverlib.lib', needed by 'lab4.out'.
gmake: Target 'all' not remade because of errors.

**** Build Finished ****
