
**** Build of configuration Debug for project lab12 ****

"C:\\ti\\ccsv7\\utils\\bin\\gmake" -k all 
'Building file: ../main.c'
'Invoking: ARM Compiler'
"C:/ti/ccsv7/tools/compiler/ti-cgt-arm_16.9.3.LTS/bin/armcl" -mv7M4 --code_state=16 --float_support=FPv4SPD16 --abi=eabi -me --include_path="C:/ti/ccsv7/tools/compiler/ti-cgt-arm_16.9.3.LTS/include" --include_path="C:/ti/TivaWare_C_Series-2.1.4.178" -g --define=DEBUG --define=PART_TM4C123GH6PM --define=TARGET_IS_BLIZZARD_RB1 --display_error_number --diag_warning=225 --diag_wrap=off --preproc_with_compile --preproc_dependency="main.d"  "../main.c"

>> Compilation failure
subdir_rules.mk:9: recipe for target 'main.obj' failed
"../main.c", line 83: warning #78-D: this declaration has no storage class or type specifier
"../main.c", line 83: error #66: expected a ";"
"../main.c", line 104: warning #12-D: parsing restarts here after previous syntax error
"../main.c", line 107: warning #78-D: this declaration has no storage class or type specifier
"../main.c", line 107: error #148: declaration is incompatible with "bool IntMasterEnable(void)" (declared at line 67 of "C:/ti/TivaWare_C_Series-2.1.4.178/driverlib/interrupt.h")
"../main.c", line 108: error #80: expected a type specifier
"../main.c", line 108: warning #78-D: this declaration has no storage class or type specifier
"../main.c", line 108: error #148: declaration is incompatible with "void IntEnable(uint32_t)" (declared at line 76 of "C:/ti/TivaWare_C_Series-2.1.4.178/driverlib/interrupt.h")
"../main.c", line 109: error #80: expected a type specifier
"../main.c", line 109: error #80: expected a type specifier
"../main.c", line 109: warning #78-D: this declaration has no storage class or type specifier
"../main.c", line 109: error #148: declaration is incompatible with "void UARTIntEnable(uint32_t, uint32_t)" (declared at line 220 of "C:/ti/TivaWare_C_Series-2.1.4.178/driverlib/uart.h")
"../main.c", line 112: error #80: expected a type specifier
"../main.c", line 112: error #80: expected a type specifier
"../main.c", line 112: warning #78-D: this declaration has no storage class or type specifier
"../main.c", line 112: error #148: declaration is incompatible with "void UARTCharPut(uint32_t, unsigned char)" (declared at line 215 of "C:/ti/TivaWare_C_Series-2.1.4.178/driverlib/uart.h")
"../main.c", line 113: error #80: expected a type specifier
"../main.c", line 113: error #80: expected a type specifier
"../main.c", line 113: warning #78-D: this declaration has no storage class or type specifier
"../main.c", line 114: error #80: expected a type specifier
"../main.c", line 114: error #80: expected a type specifier
"../main.c", line 114: warning #78-D: this declaration has no storage class or type specifier
"../main.c", line 115: error #80: expected a type specifier
"../main.c", line 115: error #80: expected a type specifier
"../main.c", line 115: warning #78-D: this declaration has no storage class or type specifier
"../main.c", line 116: error #80: expected a type specifier
"../main.c", line 116: error #80: expected a type specifier
"../main.c", line 116: warning #78-D: this declaration has no storage class or type specifier
"../main.c", line 117: error #80: expected a type specifier
"../main.c", line 117: error #80: expected a type specifier
"../main.c", line 117: warning #78-D: this declaration has no storage class or type specifier
"../main.c", line 118: error #80: expected a type specifier
"../main.c", line 118: error #80: expected a type specifier
"../main.c", line 118: warning #78-D: this declaration has no storage class or type specifier
"../main.c", line 119: error #80: expected a type specifier
"../main.c", line 119: error #80: expected a type specifier
"../main.c", line 119: warning #78-D: this declaration has no storage class or type specifier
"../main.c", line 120: error #80: expected a type specifier
"../main.c", line 120: error #80: expected a type specifier
"../main.c", line 120: warning #78-D: this declaration has no storage class or type specifier
"../main.c", line 121: error #80: expected a type specifier
"../main.c", line 121: error #80: expected a type specifier
"../main.c", line 121: warning #78-D: this declaration has no storage class or type specifier
"../main.c", line 122: error #80: expected a type specifier
"../main.c", line 122: error #80: expected a type specifier
"../main.c", line 122: warning #78-D: this declaration has no storage class or type specifier
"../main.c", line 125: error #41: expected an identifier
"../main.c", line 125: error #80: expected a type specifier
"../main.c", line 125: error #91: function returning function is not allowed
"../main.c", line 125: error #80: expected a type specifier
"../main.c", line 125: error #80: expected a type specifier
"../main.c", line 126: error #41: expected an identifier
"../main.c", line 126: error #80: expected a type specifier
"../main.c", line 126: error #91: function returning function is not allowed
"../main.c", line 126: error #80: expected a type specifier
"../main.c", line 126: error #80: expected a type specifier
"../main.c", line 126: error #80: expected a type specifier
"../main.c", line 128: error #80: expected a type specifier
"../main.c", line 128: error #80: expected a type specifier
"../main.c", line 128: error #80: expected a type specifier
"../main.c", line 128: error #80: expected a type specifier
"../main.c", line 128: warning #78-D: this declaration has no storage class or type specifier
"../main.c", line 128: error #148: declaration is incompatible with "void ADCSequenceConfigure(uint32_t, uint32_t, uint32_t, uint32_t)" (declared at line 258 of "C:/ti/TivaWare_C_Series-2.1.4.178/driverlib/adc.h")
"../main.c", line 129: error #41: expected an identifier
"../main.c", line 129: error #80: expected a type specifier
"../main.c", line 129: error #91: function returning function is not allowed
"../main.c", line 129: error #80: expected a type specifier
"../main.c", line 129: error #80: expected a type specifier
"../main.c", line 129: error #80: expected a type specifier
"../main.c", line 129: error #80: expected a type specifier
"../main.c", line 129: error #80: expected a type specifier
"../main.c", line 130: error #41: expected an identifier
"../main.c", line 130: error #80: expected a type specifier
"../main.c", line 130: error #91: function returning function is not allowed
"../main.c", line 130: error #80: expected a type specifier
"../main.c", line 130: error #80: expected a type specifier
"../main.c", line 130: error #80: expected a type specifier
"../main.c", line 130: error #80: expected a type specifier
"../main.c", line 130: error #80: expected a type specifier
"../main.c", line 131: error #41: expected an identifier
"../main.c", line 131: error #80: expected a type specifier
"../main.c", line 131: error #91: function returning function is not allowed
"../main.c", line 131: error #80: expected a type specifier
"../main.c", line 131: error #80: expected a type specifier
"../main.c", line 131: error #80: expected a type specifier
"../main.c", line 131: error #80: expected a type specifier
"../main.c", line 131: error #80: expected a type specifier
"../main.c", line 132: error #41: expected an identifier
"../main.c", line 132: error #80: expected a type specifier
"../main.c", line 132: error #91: function returning function is not allowed
"../main.c", line 132: error #80: expected a type specifier
"../main.c", line 132: error #80: expected a type specifier
"../main.c", line 132: error #80: expected a type specifier
"../main.c", line 132: error #80: expected a type specifier
"../main.c", line 132: error #80: expected a type specifier
"../main.c", line 133: error #41: expected an identifier
"../main.c", line 133: error #80: expected a type specifier
"../main.c", line 133: error #91: function returning function is not allowed
"../main.c", line 133: error #80: expected a type specifier
"../main.c", line 133: error #80: expected a type specifier
"../main.c", line 133: error #80: expected a type specifier
"../main.c", line 137: error #171: expected a declaration
At end of source: warning #12-D: parsing restarts here after previous syntax error
85 errors detected in the compilation of "../main.c".
gmake: *** [main.obj] Error 1
'Building file: ../tm4c123gh6pm_startup_ccs.c'
'Invoking: ARM Compiler'
"C:/ti/ccsv7/tools/compiler/ti-cgt-arm_16.9.3.LTS/bin/armcl" -mv7M4 --code_state=16 --float_support=FPv4SPD16 --abi=eabi -me --include_path="C:/ti/ccsv7/tools/compiler/ti-cgt-arm_16.9.3.LTS/include" --include_path="C:/ti/TivaWare_C_Series-2.1.4.178" -g --define=DEBUG --define=PART_TM4C123GH6PM --define=TARGET_IS_BLIZZARD_RB1 --display_error_number --diag_warning=225 --diag_wrap=off --preproc_with_compile --preproc_dependency="tm4c123gh6pm_startup_ccs.d"  "../tm4c123gh6pm_startup_ccs.c"
'Finished building: ../tm4c123gh6pm_startup_ccs.c'
' '
gmake: Target 'all' not remade because of errors.

**** Build Finished ****
